<?xml version="1.0" encoding="UTF-8"?>
<testsuite xmlns:xsi="http://www.w3.org/2001/XMLSchema-instance" xsi:noNamespaceSchemaLocation="https://maven.apache.org/surefire/maven-surefire-plugin/xsd/surefire-test-report-3.0.xsd" version="3.0" name="org.apache.commons.lang3.ClassUtilsTest" time="0.034" tests="51" errors="4" skipped="0" failures="0">
  <properties>
    <property name="java.specification.version" value="25"/>
    <property name="sun.cpu.isalist" value="amd64"/>
    <property name="sun.jnu.encoding" value="Cp1252"/>
    <property name="java.class.path" value="C:\Users\emuhr\OneDrive\Desktop\codebase\target\test-classes;C:\Users\emuhr\OneDrive\Desktop\codebase\target\classes;C:\Users\emuhr\.m2\repository\junit\junit\4.11\junit-4.11.jar;C:\Users\emuhr\.m2\repository\org\hamcrest\hamcrest-core\1.3\hamcrest-core-1.3.jar;C:\Users\emuhr\.m2\repository\commons-io\commons-io\2.4\commons-io-2.4.jar;C:\Users\emuhr\.m2\repository\org\easymock\easymock\3.1\easymock-3.1.jar;C:\Users\emuhr\.m2\repository\cglib\cglib-nodep\2.2.2\cglib-nodep-2.2.2.jar;C:\Users\emuhr\.m2\repository\org\objenesis\objenesis\1.2\objenesis-1.2.jar;"/>
    <property name="java.vm.vendor" value="Amazon.com Inc."/>
    <property name="doesnotwork" value="It works!"/>
    <property name="sun.arch.data.model" value="64"/>
    <property name="user.variant" value=""/>
    <property name="java.vendor.url" value="https://aws.amazon.com/corretto/"/>
    <property name="user.timezone" value="America/Chicago"/>
    <property name="os.name" value="Windows 11"/>
    <property name="java.vm.specification.version" value="25"/>
    <property name="sun.java.launcher" value="SUN_STANDARD"/>
    <property name="user.country" value="US"/>
    <property name="sun.boot.library.path" value="C:\Program Files\Amazon Corretto\jdk25.0.1_8\bin"/>
    <property name="sun.java.command" value="C:\Users\emuhr\AppData\Local\Temp\surefire5214923266971281978\surefirebooter-20251116182928096_3.jar C:\Users\emuhr\AppData\Local\Temp\surefire5214923266971281978 2025-11-16T18-29-27_890-jvmRun1 surefire-20251116182928096_1tmp surefire_0-20251116182928096_2tmp"/>
    <property name="jdk.debug" value="release"/>
    <property name="surefire.test.class.path" value="C:\Users\emuhr\OneDrive\Desktop\codebase\target\test-classes;C:\Users\emuhr\OneDrive\Desktop\codebase\target\classes;C:\Users\emuhr\.m2\repository\junit\junit\4.11\junit-4.11.jar;C:\Users\emuhr\.m2\repository\org\hamcrest\hamcrest-core\1.3\hamcrest-core-1.3.jar;C:\Users\emuhr\.m2\repository\commons-io\commons-io\2.4\commons-io-2.4.jar;C:\Users\emuhr\.m2\repository\org\easymock\easymock\3.1\easymock-3.1.jar;C:\Users\emuhr\.m2\repository\cglib\cglib-nodep\2.2.2\cglib-nodep-2.2.2.jar;C:\Users\emuhr\.m2\repository\org\objenesis\objenesis\1.2\objenesis-1.2.jar;"/>
    <property name="sun.cpu.endian" value="little"/>
    <property name="user.home" value="C:\Users\emuhr"/>
    <property name="user.language" value="en"/>
    <property name="java.specification.vendor" value="Oracle Corporation"/>
    <property name="java.version.date" value="2025-10-21"/>
    <property name="java.home" value="C:\Program Files\Amazon Corretto\jdk25.0.1_8"/>
    <property name="file.separator" value="\"/>
    <property name="basedir" value="C:\Users\emuhr\OneDrive\Desktop\codebase"/>
    <property name="java.vm.compressedOopsMode" value="Zero based"/>
    <property name="line.separator" value="&#10;"/>
    <property name="java.vm.specification.vendor" value="Oracle Corporation"/>
    <property name="java.specification.name" value="Java Platform API Specification"/>
    <property name="surefire.real.class.path" value="C:\Users\emuhr\AppData\Local\Temp\surefire5214923266971281978\surefirebooter-20251116182928096_3.jar"/>
    <property name="user.script" value=""/>
    <property name="sun.management.compiler" value="HotSpot 64-Bit Tiered Compilers"/>
    <property name="java.runtime.version" value="25.0.1+8-LTS"/>
    <property name="user.name" value="emuhr"/>
    <property name="stdout.encoding" value="UTF-8"/>
    <property name="path.separator" value=";"/>
    <property name="os.version" value="10.0"/>
    <property name="java.runtime.name" value="OpenJDK Runtime Environment"/>
    <property name="file.encoding" value="UTF-8"/>
    <property name="java.vm.name" value="OpenJDK 64-Bit Server VM"/>
    <property name="java.vendor.version" value="Corretto-25.0.1.8.1"/>
    <property name="localRepository" value="C:\Users\emuhr\.m2\repository"/>
    <property name="java.vendor.url.bug" value="https://github.com/corretto/corretto-25/issues/"/>
    <property name="java.io.tmpdir" value="C:\Users\emuhr\AppData\Local\Temp\"/>
    <property name="java.version" value="25.0.1"/>
    <property name="user.dir" value="C:\Users\emuhr\OneDrive\Desktop\codebase"/>
    <property name="os.arch" value="amd64"/>
    <property name="java.vm.specification.name" value="Java Virtual Machine Specification"/>
    <property name="sun.os.patch.level" value=""/>
    <property name="native.encoding" value="Cp1252"/>
    <property name="java.library.path" value="C:\Program Files\Amazon Corretto\jdk25.0.1_8\bin;C:\WINDOWS\Sun\Java\bin;C:\WINDOWS\system32;C:\WINDOWS;c:\Users\emuhr\AppData\Roaming\Code\User\globalStorage\github.copilot-chat\debugCommand;c:\Users\emuhr\AppData\Roaming\Code\User\globalStorage\github.copilot-chat\copilotCli;C:\Users\emuhr\AppData\Roaming\Code\User\globalStorage\pleiades.java-extension-pack-jdk\gradle\latest\bin;C:\Users\emuhr\AppData\Roaming\Code\User\globalStorage\pleiades.java-extension-pack-jdk\maven\latest\bin;C:\Program Files\Amazon Corretto\jdk25.0.1_8\bin;C:\Program Files\Amazon Corretto\jdk17.0.8_8;C:\Program Files\Amazon Corretto\jdk17.0.8_8\bin;C:\Users\emuhr\Downloads\swigwin-4.3.0\swigwin-4.3.0;C:\WINDOWS\system32;C:\WINDOWS;C:\WINDOWS\System32\Wbem;C:\WINDOWS\System32\WindowsPowerShell\v1.0\;C:\WINDOWS\System32\OpenSSH\;C:\Program Files (x86)\PharosSystems\Core;C:\Program Files\Graphviz\bin;C:\Program Files (x86)\Bitvise SSH Client;C:\Program Files (x86)\sbt\bin;C:\Program Files\PuTTY\;C:\Program Files\Git\cmd;C:\Users\emuhr\OneDrive\Desktop\apache-maven-3.9.11\bin;C:\Program Files\nodejs\;C:\Users\emuhr\.local\bin;C:\Program Files\Amazon Corretto\jdk17.0.8_8\bin;C:\Program Files\Amazon Corretto\jdk17.0.8_8;C:\Program Files\Amazon Corretto\jdk17.0.8_8\bin;C:\Users\emuhr\Downloads\swigwin-4.3.0\swigwin-4.3.0;C:\WINDOWS\system32;C:\WINDOWS;C:\WINDOWS\System32\Wbem;C:\WINDOWS\System32\WindowsPowerShell\v1.0\;C:\WINDOWS\System32\OpenSSH\;C:\Program Files (x86)\PharosSystems\Core;C:\Program Files\Graphviz\bin;C:\Program Files (x86)\Bitvise SSH Client;C:\Program Files (x86)\sbt\bin;C:\Program Files\PuTTY\;C:\Program Files\Git\cmd;C:\Users\emuhr\OneDrive\Desktop\apache-maven-3.9.11\bin;C:\Program Files\nodejs\;;C:\Users\emuhr\AppData\Roaming\npm;C:\Users\emuhr\AppData\Local\Programs\Microsoft VS Code\bin;c:\Users\emuhr\.vscode\extensions\ms-python.debugpy-2025.16.0-win32-x64\bundled\scripts\noConfigScripts;c:\Users\emuhr\.vscode\extensions\vscjava.vscode-java-debug-0.58.3\bundled\scripts\noConfigScripts;."/>
    <property name="java.vm.info" value="mixed mode, sharing"/>
    <property name="stderr.encoding" value="UTF-8"/>
    <property name="java.vendor" value="Amazon.com Inc."/>
    <property name="java.vm.version" value="25.0.1+8-LTS"/>
    <property name="stdin.encoding" value="Cp1252"/>
    <property name="sun.io.unicode.encoding" value="UnicodeLittle"/>
    <property name="java.class.version" value="69.0"/>
  </properties>
  <testcase name="test_getShortClassName_Class" classname="org.apache.commons.lang3.ClassUtilsTest" time="0.0"/>
  <testcase name="test_isAssignable" classname="org.apache.commons.lang3.ClassUtilsTest" time="0.0">
    <error message="Cannot invoke &quot;org.apache.commons.lang3.JavaVersion.atLeast(org.apache.commons.lang3.JavaVersion)&quot; because &quot;org.apache.commons.lang3.SystemUtils.JAVA_SPECIFICATION_VERSION_AS_ENUM&quot; is null" type="java.lang.NullPointerException"><![CDATA[java.lang.NullPointerException: Cannot invoke "org.apache.commons.lang3.JavaVersion.atLeast(org.apache.commons.lang3.JavaVersion)" because "org.apache.commons.lang3.SystemUtils.JAVA_SPECIFICATION_VERSION_AS_ENUM" is null
	at org.apache.commons.lang3.SystemUtils.isJavaVersionAtLeast(SystemUtils.java:1388)
	at org.apache.commons.lang3.ClassUtils.isAssignable(ClassUtils.java:586)
	at org.apache.commons.lang3.ClassUtilsTest.test_isAssignable(ClassUtilsTest.java:425)
	at java.base/jdk.internal.reflect.DirectMethodHandleAccessor.invoke(DirectMethodHandleAccessor.java:104)
	at java.base/java.lang.reflect.Method.invoke(Method.java:565)
	at org.junit.runners.model.FrameworkMethod$1.runReflectiveCall(FrameworkMethod.java:47)
	at org.junit.internal.runners.model.ReflectiveCallable.run(ReflectiveCallable.java:12)
	at org.junit.runners.model.FrameworkMethod.invokeExplosively(FrameworkMethod.java:44)
	at org.junit.internal.runners.statements.InvokeMethod.evaluate(InvokeMethod.java:17)
	at org.junit.runners.ParentRunner.runLeaf(ParentRunner.java:271)
	at org.junit.runners.BlockJUnit4ClassRunner.runChild(BlockJUnit4ClassRunner.java:70)
	at org.junit.runners.BlockJUnit4ClassRunner.runChild(BlockJUnit4ClassRunner.java:50)
	at org.junit.runners.ParentRunner$3.run(ParentRunner.java:238)
	at org.junit.runners.ParentRunner$1.schedule(ParentRunner.java:63)
	at org.junit.runners.ParentRunner.runChildren(ParentRunner.java:236)
	at org.junit.runners.ParentRunner.access$000(ParentRunner.java:53)
	at org.junit.runners.ParentRunner$2.evaluate(ParentRunner.java:229)
	at org.junit.runners.ParentRunner.run(ParentRunner.java:309)
	at org.apache.maven.surefire.junit4.JUnit4Provider.execute(JUnit4Provider.java:316)
	at org.apache.maven.surefire.junit4.JUnit4Provider.executeWithRerun(JUnit4Provider.java:240)
	at org.apache.maven.surefire.junit4.JUnit4Provider.executeTestSet(JUnit4Provider.java:214)
	at org.apache.maven.surefire.junit4.JUnit4Provider.invoke(JUnit4Provider.java:155)
	at org.apache.maven.surefire.booter.ForkedBooter.runSuitesInProcess(ForkedBooter.java:385)
	at org.apache.maven.surefire.booter.ForkedBooter.execute(ForkedBooter.java:162)
	at org.apache.maven.surefire.booter.ForkedBooter.run(ForkedBooter.java:507)
	at org.apache.maven.surefire.booter.ForkedBooter.main(ForkedBooter.java:495)
]]></error>
  </testcase>
  <testcase name="testShowJavaBug" classname="org.apache.commons.lang3.ClassUtilsTest" time="0.0"/>
  <testcase name="testToClass_object" classname="org.apache.commons.lang3.ClassUtilsTest" time="0.0"/>
  <testcase name="testGetClassByNormalNameArrays" classname="org.apache.commons.lang3.ClassUtilsTest" time="0.0"/>
  <testcase name="testGetInnerClass" classname="org.apache.commons.lang3.ClassUtilsTest" time="0.002"/>
  <testcase name="test_getAllSuperclasses_Class" classname="org.apache.commons.lang3.ClassUtilsTest" time="0.007"/>
  <testcase name="testPrimitiveToWrapper" classname="org.apache.commons.lang3.ClassUtilsTest" time="0.0"/>
  <testcase name="test_getPackageCanonicalName_Object" classname="org.apache.commons.lang3.ClassUtilsTest" time="0.003"/>
  <testcase name="test_isAssignable_Widening" classname="org.apache.commons.lang3.ClassUtilsTest" time="0.0">
    <error message="Cannot invoke &quot;org.apache.commons.lang3.JavaVersion.atLeast(org.apache.commons.lang3.JavaVersion)&quot; because &quot;org.apache.commons.lang3.SystemUtils.JAVA_SPECIFICATION_VERSION_AS_ENUM&quot; is null" type="java.lang.NullPointerException"><![CDATA[java.lang.NullPointerException: Cannot invoke "org.apache.commons.lang3.JavaVersion.atLeast(org.apache.commons.lang3.JavaVersion)" because "org.apache.commons.lang3.SystemUtils.JAVA_SPECIFICATION_VERSION_AS_ENUM" is null
	at org.apache.commons.lang3.SystemUtils.isJavaVersionAtLeast(SystemUtils.java:1388)
	at org.apache.commons.lang3.ClassUtils.isAssignable(ClassUtils.java:586)
	at org.apache.commons.lang3.ClassUtilsTest.test_isAssignable_Widening(ClassUtilsTest.java:502)
	at java.base/jdk.internal.reflect.DirectMethodHandleAccessor.invoke(DirectMethodHandleAccessor.java:104)
	at java.base/java.lang.reflect.Method.invoke(Method.java:565)
	at org.junit.runners.model.FrameworkMethod$1.runReflectiveCall(FrameworkMethod.java:47)
	at org.junit.internal.runners.model.ReflectiveCallable.run(ReflectiveCallable.java:12)
	at org.junit.runners.model.FrameworkMethod.invokeExplosively(FrameworkMethod.java:44)
	at org.junit.internal.runners.statements.InvokeMethod.evaluate(InvokeMethod.java:17)
	at org.junit.runners.ParentRunner.runLeaf(ParentRunner.java:271)
	at org.junit.runners.BlockJUnit4ClassRunner.runChild(BlockJUnit4ClassRunner.java:70)
	at org.junit.runners.BlockJUnit4ClassRunner.runChild(BlockJUnit4ClassRunner.java:50)
	at org.junit.runners.ParentRunner$3.run(ParentRunner.java:238)
	at org.junit.runners.ParentRunner$1.schedule(ParentRunner.java:63)
	at org.junit.runners.ParentRunner.runChildren(ParentRunner.java:236)
	at org.junit.runners.ParentRunner.access$000(ParentRunner.java:53)
	at org.junit.runners.ParentRunner$2.evaluate(ParentRunner.java:229)
	at org.junit.runners.ParentRunner.run(ParentRunner.java:309)
	at org.apache.maven.surefire.junit4.JUnit4Provider.execute(JUnit4Provider.java:316)
	at org.apache.maven.surefire.junit4.JUnit4Provider.executeWithRerun(JUnit4Provider.java:240)
	at org.apache.maven.surefire.junit4.JUnit4Provider.executeTestSet(JUnit4Provider.java:214)
	at org.apache.maven.surefire.junit4.JUnit4Provider.invoke(JUnit4Provider.java:155)
	at org.apache.maven.surefire.booter.ForkedBooter.runSuitesInProcess(ForkedBooter.java:385)
	at org.apache.maven.surefire.booter.ForkedBooter.execute(ForkedBooter.java:162)
	at org.apache.maven.surefire.booter.ForkedBooter.run(ForkedBooter.java:507)
	at org.apache.maven.surefire.booter.ForkedBooter.main(ForkedBooter.java:495)
]]></error>
  </testcase>
  <testcase name="test_getPackageCanonicalName_String" classname="org.apache.commons.lang3.ClassUtilsTest" time="0.0"/>
  <testcase name="testGetClassWithArrayClasses" classname="org.apache.commons.lang3.ClassUtilsTest" time="0.0"/>
  <testcase name="test_getPackageCanonicalName_Class" classname="org.apache.commons.lang3.ClassUtilsTest" time="0.003"/>
  <testcase name="test_getShortClassName_Object" classname="org.apache.commons.lang3.ClassUtilsTest" time="0.003"/>
  <testcase name="test_getShortClassName_String" classname="org.apache.commons.lang3.ClassUtilsTest" time="0.0"/>
  <testcase name="testIsPrimitiveOrWrapper" classname="org.apache.commons.lang3.ClassUtilsTest" time="0.0"/>
  <testcase name="test_isAssignable_NoAutoboxing" classname="org.apache.commons.lang3.ClassUtilsTest" time="0.0"/>
  <testcase name="testWrapperToPrimitive" classname="org.apache.commons.lang3.ClassUtilsTest" time="0.0"/>
  <testcase name="testWrappersToPrimitives" classname="org.apache.commons.lang3.ClassUtilsTest" time="0.0"/>
  <testcase name="test_isAssignable_ClassArray_ClassArray_Autoboxing" classname="org.apache.commons.lang3.ClassUtilsTest" time="0.0"/>
  <testcase name="testGetClassWithArrayClasses2D" classname="org.apache.commons.lang3.ClassUtilsTest" time="0.0"/>
  <testcase name="test_getPackageName_Object" classname="org.apache.commons.lang3.ClassUtilsTest" time="0.0"/>
  <testcase name="test_getPackageName_String" classname="org.apache.commons.lang3.ClassUtilsTest" time="0.0"/>
  <testcase name="test_isAssignable_ClassArray_ClassArray_NoAutoboxing" classname="org.apache.commons.lang3.ClassUtilsTest" time="0.0"/>
  <testcase name="testWrapperToPrimitiveNull" classname="org.apache.commons.lang3.ClassUtilsTest" time="0.0"/>
  <testcase name="testGetClassByNormalNameArrays2D" classname="org.apache.commons.lang3.ClassUtilsTest" time="0.0"/>
  <testcase name="testIsPrimitiveWrapper" classname="org.apache.commons.lang3.ClassUtilsTest" time="0.0"/>
  <testcase name="testWithInterleavingWhitespace" classname="org.apache.commons.lang3.ClassUtilsTest" time="0.0"/>
  <testcase name="test_getPackageName_Class" classname="org.apache.commons.lang3.ClassUtilsTest" time="0.001"/>
  <testcase name="test_getShortCanonicalName_Object" classname="org.apache.commons.lang3.ClassUtilsTest" time="0.001"/>
  <testcase name="test_getShortCanonicalName_String" classname="org.apache.commons.lang3.ClassUtilsTest" time="0.0"/>
  <testcase name="test_getShortCanonicalName_Class" classname="org.apache.commons.lang3.ClassUtilsTest" time="0.002"/>
  <testcase name="test_isAssignable_DefaultUnboxing_Widening" classname="org.apache.commons.lang3.ClassUtilsTest" time="0.001">
    <error message="Cannot invoke &quot;org.apache.commons.lang3.JavaVersion.atLeast(org.apache.commons.lang3.JavaVersion)&quot; because &quot;org.apache.commons.lang3.SystemUtils.JAVA_SPECIFICATION_VERSION_AS_ENUM&quot; is null" type="java.lang.NullPointerException"><![CDATA[java.lang.NullPointerException: Cannot invoke "org.apache.commons.lang3.JavaVersion.atLeast(org.apache.commons.lang3.JavaVersion)" because "org.apache.commons.lang3.SystemUtils.JAVA_SPECIFICATION_VERSION_AS_ENUM" is null
	at org.apache.commons.lang3.SystemUtils.isJavaVersionAtLeast(SystemUtils.java:1388)
	at org.apache.commons.lang3.ClassUtilsTest.test_isAssignable_DefaultUnboxing_Widening(ClassUtilsTest.java:584)
	at java.base/jdk.internal.reflect.DirectMethodHandleAccessor.invoke(DirectMethodHandleAccessor.java:104)
	at java.base/java.lang.reflect.Method.invoke(Method.java:565)
	at org.junit.runners.model.FrameworkMethod$1.runReflectiveCall(FrameworkMethod.java:47)
	at org.junit.internal.runners.model.ReflectiveCallable.run(ReflectiveCallable.java:12)
	at org.junit.runners.model.FrameworkMethod.invokeExplosively(FrameworkMethod.java:44)
	at org.junit.internal.runners.statements.InvokeMethod.evaluate(InvokeMethod.java:17)
	at org.junit.runners.ParentRunner.runLeaf(ParentRunner.java:271)
	at org.junit.runners.BlockJUnit4ClassRunner.runChild(BlockJUnit4ClassRunner.java:70)
	at org.junit.runners.BlockJUnit4ClassRunner.runChild(BlockJUnit4ClassRunner.java:50)
	at org.junit.runners.ParentRunner$3.run(ParentRunner.java:238)
	at org.junit.runners.ParentRunner$1.schedule(ParentRunner.java:63)
	at org.junit.runners.ParentRunner.runChildren(ParentRunner.java:236)
	at org.junit.runners.ParentRunner.access$000(ParentRunner.java:53)
	at org.junit.runners.ParentRunner$2.evaluate(ParentRunner.java:229)
	at org.junit.runners.ParentRunner.run(ParentRunner.java:309)
	at org.apache.maven.surefire.junit4.JUnit4Provider.execute(JUnit4Provider.java:316)
	at org.apache.maven.surefire.junit4.JUnit4Provider.executeWithRerun(JUnit4Provider.java:240)
	at org.apache.maven.surefire.junit4.JUnit4Provider.executeTestSet(JUnit4Provider.java:214)
	at org.apache.maven.surefire.junit4.JUnit4Provider.invoke(JUnit4Provider.java:155)
	at org.apache.maven.surefire.booter.ForkedBooter.runSuitesInProcess(ForkedBooter.java:385)
	at org.apache.maven.surefire.booter.ForkedBooter.execute(ForkedBooter.java:162)
	at org.apache.maven.surefire.booter.ForkedBooter.run(ForkedBooter.java:507)
	at org.apache.maven.surefire.booter.ForkedBooter.main(ForkedBooter.java:495)
]]></error>
  </testcase>
  <testcase name="testGetClassRawPrimitives" classname="org.apache.commons.lang3.ClassUtilsTest" time="0.0"/>
  <testcase name="testGetClassInvalidArguments" classname="org.apache.commons.lang3.ClassUtilsTest" time="0.0"/>
  <testcase name="testPrimitivesToWrappers" classname="org.apache.commons.lang3.ClassUtilsTest" time="0.0"/>
  <testcase name="testGetClassClassNotFound" classname="org.apache.commons.lang3.ClassUtilsTest" time="0.002"/>
  <testcase name="test_getSimpleName_Class" classname="org.apache.commons.lang3.ClassUtilsTest" time="0.002"/>
  <testcase name="testWrappersToPrimitivesNull" classname="org.apache.commons.lang3.ClassUtilsTest" time="0.0"/>
  <testcase name="test_isInnerClass_Class" classname="org.apache.commons.lang3.ClassUtilsTest" time="0.001"/>
  <testcase name="test_isAssignable_ClassArray_ClassArray" classname="org.apache.commons.lang3.ClassUtilsTest" time="0.001">
    <error message="Cannot invoke &quot;org.apache.commons.lang3.JavaVersion.atLeast(org.apache.commons.lang3.JavaVersion)&quot; because &quot;org.apache.commons.lang3.SystemUtils.JAVA_SPECIFICATION_VERSION_AS_ENUM&quot; is null" type="java.lang.NullPointerException"><![CDATA[java.lang.NullPointerException: Cannot invoke "org.apache.commons.lang3.JavaVersion.atLeast(org.apache.commons.lang3.JavaVersion)" because "org.apache.commons.lang3.SystemUtils.JAVA_SPECIFICATION_VERSION_AS_ENUM" is null
	at org.apache.commons.lang3.SystemUtils.isJavaVersionAtLeast(SystemUtils.java:1388)
	at org.apache.commons.lang3.ClassUtils.isAssignable(ClassUtils.java:470)
	at org.apache.commons.lang3.ClassUtilsTest.test_isAssignable_ClassArray_ClassArray(ClassUtilsTest.java:345)
	at java.base/jdk.internal.reflect.DirectMethodHandleAccessor.invoke(DirectMethodHandleAccessor.java:104)
	at java.base/java.lang.reflect.Method.invoke(Method.java:565)
	at org.junit.runners.model.FrameworkMethod$1.runReflectiveCall(FrameworkMethod.java:47)
	at org.junit.internal.runners.model.ReflectiveCallable.run(ReflectiveCallable.java:12)
	at org.junit.runners.model.FrameworkMethod.invokeExplosively(FrameworkMethod.java:44)
	at org.junit.internal.runners.statements.InvokeMethod.evaluate(InvokeMethod.java:17)
	at org.junit.runners.ParentRunner.runLeaf(ParentRunner.java:271)
	at org.junit.runners.BlockJUnit4ClassRunner.runChild(BlockJUnit4ClassRunner.java:70)
	at org.junit.runners.BlockJUnit4ClassRunner.runChild(BlockJUnit4ClassRunner.java:50)
	at org.junit.runners.ParentRunner$3.run(ParentRunner.java:238)
	at org.junit.runners.ParentRunner$1.schedule(ParentRunner.java:63)
	at org.junit.runners.ParentRunner.runChildren(ParentRunner.java:236)
	at org.junit.runners.ParentRunner.access$000(ParentRunner.java:53)
	at org.junit.runners.ParentRunner$2.evaluate(ParentRunner.java:229)
	at org.junit.runners.ParentRunner.run(ParentRunner.java:309)
	at org.apache.maven.surefire.junit4.JUnit4Provider.execute(JUnit4Provider.java:316)
	at org.apache.maven.surefire.junit4.JUnit4Provider.executeWithRerun(JUnit4Provider.java:240)
	at org.apache.maven.surefire.junit4.JUnit4Provider.executeTestSet(JUnit4Provider.java:214)
	at org.apache.maven.surefire.junit4.JUnit4Provider.invoke(JUnit4Provider.java:155)
	at org.apache.maven.surefire.booter.ForkedBooter.runSuitesInProcess(ForkedBooter.java:385)
	at org.apache.maven.surefire.booter.ForkedBooter.execute(ForkedBooter.java:162)
	at org.apache.maven.surefire.booter.ForkedBooter.run(ForkedBooter.java:507)
	at org.apache.maven.surefire.booter.ForkedBooter.main(ForkedBooter.java:495)
]]></error>
  </testcase>
  <testcase name="test_getSimpleName_Object" classname="org.apache.commons.lang3.ClassUtilsTest" time="0.0"/>
  <testcase name="test_isAssignable_Unboxing_Widening" classname="org.apache.commons.lang3.ClassUtilsTest" time="0.0"/>
  <testcase name="testWrappersToPrimitivesEmpty" classname="org.apache.commons.lang3.ClassUtilsTest" time="0.0"/>
  <testcase name="testWrapperToPrimitiveNoWrapper" classname="org.apache.commons.lang3.ClassUtilsTest" time="0.0"/>
  <testcase name="test_convertClassNamesToClasses_List" classname="org.apache.commons.lang3.ClassUtilsTest" time="0.0"/>
  <testcase name="test_isAssignable_Autoboxing" classname="org.apache.commons.lang3.ClassUtilsTest" time="0.0"/>
  <testcase name="test_convertClassesToClassNames_List" classname="org.apache.commons.lang3.ClassUtilsTest" time="0.0"/>
  <testcase name="testGetPublicMethod" classname="org.apache.commons.lang3.ClassUtilsTest" time="0.0"/>
  <testcase name="test_getAllInterfaces_Class" classname="org.apache.commons.lang3.ClassUtilsTest" time="0.0"/>
  <testcase name="testConstructor" classname="org.apache.commons.lang3.ClassUtilsTest" time="0.0"/>
</testsuite>