<?xml version="1.0" encoding="UTF-8"?>
<testsuite xmlns:xsi="http://www.w3.org/2001/XMLSchema-instance" xsi:noNamespaceSchemaLocation="https://maven.apache.org/surefire/maven-surefire-plugin/xsd/surefire-test-report-3.0.xsd" version="3.0" name="org.apache.commons.lang3.StringUtilsTest" time="0.014" tests="99" errors="0" skipped="0" failures="0">
  <properties>
[...]
</properties>
  <testcase name="testJoin_IterableChar" classname="org.apache.commons.lang3.StringUtilsTest" time="0.0"/>
  <testcase name="testRightPad_StringInt" classname="org.apache.commons.lang3.StringUtilsTest" time="0.0"/>
  <testcase name="testRemovePattern" classname="org.apache.commons.lang3.StringUtilsTest" time="0.0"/>
  <testcase name="testDeleteWhitespace_String" classname="org.apache.commons.lang3.StringUtilsTest" time="0.0"/>
  <testcase name="testRemove_String" classname="org.apache.commons.lang3.StringUtilsTest" time="0.0"/>
  <testcase name="testJoin_ArrayOfShorts" classname="org.apache.commons.lang3.StringUtilsTest" time="0.0"/>
  <testcase name="testDifferenceAt_StringString" classname="org.apache.commons.lang3.StringUtilsTest" time="0.0"/>
  <testcase name="testSplitByCharacterType" classname="org.apache.commons.lang3.StringUtilsTest" time="0.0"/>
  <testcase name="testLengthStringBuffer" classname="org.apache.commons.lang3.StringUtilsTest" time="0.0"/>
  <testcase name="testNormalizeSpace" classname="org.apache.commons.lang3.StringUtilsTest" time="0.0"/>
  <testcase name="testJoin_ArrayOfInts" classname="org.apache.commons.lang3.StringUtilsTest" time="0.0"/>
  <testcase name="testDifferenceAt_StringArray" classname="org.apache.commons.lang3.StringUtilsTest" time="0.0"/>
  <testcase name="testRepeat_StringStringInt" classname="org.apache.commons.lang3.StringUtilsTest" time="0.0"/>
  <testcase name="testOverlay_StringStringIntInt" classname="org.apache.commons.lang3.StringUtilsTest" time="0.0"/>
  <testcase name="testDefaultIfBlank_StringString" classname="org.apache.commons.lang3.StringUtilsTest" time="0.0"/>
  <testcase name="testJoin_ArrayString" classname="org.apache.commons.lang3.StringUtilsTest" time="0.0"/>
  <testcase name="testReplacePattern" classname="org.apache.commons.lang3.StringUtilsTest" time="0.0"/>
  <testcase name="testPrependIfMissing" classname="org.apache.commons.lang3.StringUtilsTest" time="0.0"/>
  <testcase name="testIsAllLowerCase" classname="org.apache.commons.lang3.StringUtilsTest" time="0.0"/>
  <testcase name="testLANG666" classname="org.apache.commons.lang3.StringUtilsTest" time="0.0"/>
  <testcase name="testReverseDelimited_StringChar" classname="org.apache.commons.lang3.StringUtilsTest" time="0.0"/>
  <testcase name="testEscapeSurrogatePairs" classname="org.apache.commons.lang3.StringUtilsTest" time="0.0"/>
  <testcase name="testChomp" classname="org.apache.commons.lang3.StringUtilsTest" time="0.0"/>
  <testcase name="testEMPTY" classname="org.apache.commons.lang3.StringUtilsTest" time="0.0"/>
  <testcase name="testChop" classname="org.apache.commons.lang3.StringUtilsTest" time="0.0"/>
  <testcase name="testToString" classname="org.apache.commons.lang3.StringUtilsTest" time="0.0"/>
  <testcase name="testJoin_IterableString" classname="org.apache.commons.lang3.StringUtilsTest" time="0.0"/>
  <testcase name="testDefaultIfEmpty_CharBuffers" classname="org.apache.commons.lang3.StringUtilsTest" time="0.0"/>
  <testcase name="testSplitPreserveAllTokens_StringString_StringStringInt" classname="org.apache.commons.lang3.StringUtilsTest" time="0.0"/>
  <testcase name="testJoin_ArrayCharSeparator" classname="org.apache.commons.lang3.StringUtilsTest" time="0.0"/>
  <testcase name="testDefaultIfBlank_StringBuffers" classname="org.apache.commons.lang3.StringUtilsTest" time="0.0"/>
  <testcase name="testRemoveStart" classname="org.apache.commons.lang3.StringUtilsTest" time="0.0"/>
  <testcase name="testRemove_char" classname="org.apache.commons.lang3.StringUtilsTest" time="0.0"/>
  <testcase name="testReplaceChars_StringCharChar" classname="org.apache.commons.lang3.StringUtilsTest" time="0.0"/>
  <testcase name="testAbbreviateMiddle" classname="org.apache.commons.lang3.StringUtilsTest" time="0.0"/>
  <testcase name="testIsAllUpperCase" classname="org.apache.commons.lang3.StringUtilsTest" time="0.0"/>
  <testcase name="testRemoveEndIgnoreCase" classname="org.apache.commons.lang3.StringUtilsTest" time="0.0"/>
  <testcase name="testAppendIfMissingIgnoreCase" classname="org.apache.commons.lang3.StringUtilsTest" time="0.0"/>
  <testcase name="testCenter_StringIntChar" classname="org.apache.commons.lang3.StringUtilsTest" time="0.0"/>
  <testcase name="testDefaultIfEmpty_StringBuffers" classname="org.apache.commons.lang3.StringUtilsTest" time="0.0"/>
  <testcase name="testReplaceChars_StringStringString" classname="org.apache.commons.lang3.StringUtilsTest" time="0.0"/>
  <testcase name="testLeftPad_StringIntString" classname="org.apache.commons.lang3.StringUtilsTest" time="0.0"/>
  <testcase name="testLang623" classname="org.apache.commons.lang3.StringUtilsTest" time="0.0"/>
  <testcase name="testAppendIfMissing" classname="org.apache.commons.lang3.StringUtilsTest" time="0.0"/>
  <testcase name="testSplitPreserveAllTokens_StringChar" classname="org.apache.commons.lang3.StringUtilsTest" time="0.0"/>
  <testcase name="testGetLevenshteinDistance_StringStringInt" classname="org.apache.commons.lang3.StringUtilsTest" time="0.0"/>
  <testcase name="testDefaultIfEmpty_StringString" classname="org.apache.commons.lang3.StringUtilsTest" time="0.0"/>
  <testcase name="testUnescapeSurrogatePairs" classname="org.apache.commons.lang3.StringUtilsTest" time="0.0"/>
  <testcase name="testCenter_StringInt" classname="org.apache.commons.lang3.StringUtilsTest" time="0.0"/>
  <testcase name="testLength_CharBuffer" classname="org.apache.commons.lang3.StringUtilsTest" time="0.0"/>
  <testcase name="testGetCommonPrefix_StringArray" classname="org.apache.commons.lang3.StringUtilsTest" time="0.0"/>
  <testcase name="testSplit_String" classname="org.apache.commons.lang3.StringUtilsTest" time="0.0"/>
  <testcase name="testLengthString" classname="org.apache.commons.lang3.StringUtilsTest" time="0.0"/>
  <testcase name="testDefault_String" classname="org.apache.commons.lang3.StringUtilsTest" time="0.0"/>
  <testcase name="testLeftPad_StringIntChar" classname="org.apache.commons.lang3.StringUtilsTest" time="0.0"/>
  <testcase name="testRepeat_StringInt" classname="org.apache.commons.lang3.StringUtilsTest" time="0.0"/>
  <testcase name="testAbbreviate_StringInt" classname="org.apache.commons.lang3.StringUtilsTest" time="0.0"/>
  <testcase name="testDefaultIfBlank_StringBuilders" classname="org.apache.commons.lang3.StringUtilsTest" time="0.0"/>
  <testcase name="testDefault_StringString" classname="org.apache.commons.lang3.StringUtilsTest" time="0.0"/>
  <testcase name="testLengthStringBuilder" classname="org.apache.commons.lang3.StringUtilsTest" time="0.0"/>
  <testcase name="testJoin_IteratorString" classname="org.apache.commons.lang3.StringUtilsTest" time="0.0"/>
  <testcase name="testRightPad_StringIntChar" classname="org.apache.commons.lang3.StringUtilsTest" time="0.0"/>
  <testcase name="testJoin_ArrayOfDoubles" classname="org.apache.commons.lang3.StringUtilsTest" time="0.0"/>
  <testcase name="testGetLevenshteinDistance_StringString" classname="org.apache.commons.lang3.StringUtilsTest" time="0.0"/>
  <testcase name="testJoin_Objectarray" classname="org.apache.commons.lang3.StringUtilsTest" time="0.0"/>
  <testcase name="testAbbreviate_StringIntInt" classname="org.apache.commons.lang3.StringUtilsTest" time="0.0"/>
  <testcase name="testReplace_StringStringArrayStringArray" classname="org.apache.commons.lang3.StringUtilsTest" time="0.0"/>
  <testcase name="testEscapeSurrogatePairsLang858" classname="org.apache.commons.lang3.StringUtilsTest" time="0.0"/>
  <testcase name="testSplitPreserveAllTokens_String" classname="org.apache.commons.lang3.StringUtilsTest" time="0.0"/>
  <testcase name="testReplaceOnce_StringStringString" classname="org.apache.commons.lang3.StringUtilsTest" time="0.0"/>
  <testcase name="testStringUtilsCharSequenceContract" classname="org.apache.commons.lang3.StringUtilsTest" time="0.0"/>
  <testcase name="testJoin_IteratorChar" classname="org.apache.commons.lang3.StringUtilsTest" time="0.0"/>
  <testcase name="testReverse_String" classname="org.apache.commons.lang3.StringUtilsTest" time="0.0"/>
  <testcase name="testReplace_StringStringString" classname="org.apache.commons.lang3.StringUtilsTest" time="0.0"/>
  <testcase name="testSplitByWholeSeparatorPreserveAllTokens_StringStringInt" classname="org.apache.commons.lang3.StringUtilsTest" time="0.0"/>
  <testcase name="testCaseFunctions" classname="org.apache.commons.lang3.StringUtilsTest" time="0.0"/>
  <testcase name="testSplitByWholeString_StringStringBooleanInt" classname="org.apache.commons.lang3.StringUtilsTest" time="0.0"/>
  <testcase name="testSplitByWholeString_StringStringBoolean" classname="org.apache.commons.lang3.StringUtilsTest" time="0.0"/>
  <testcase name="testDefaultIfEmpty_StringBuilders" classname="org.apache.commons.lang3.StringUtilsTest" time="0.0"/>
  <testcase name="testDifference_StringString" classname="org.apache.commons.lang3.StringUtilsTest" time="0.0"/>
  <testcase name="testLeftPad_StringInt" classname="org.apache.commons.lang3.StringUtilsTest" time="0.0"/>
  <testcase name="testDefaultIfBlank_CharBuffers" classname="org.apache.commons.lang3.StringUtilsTest" time="0.0"/>
  <testcase name="testPrependIfMissingIgnoreCase" classname="org.apache.commons.lang3.StringUtilsTest" time="0.0"/>
  <testcase name="testReplace_StringStringArrayStringArrayBoolean" classname="org.apache.commons.lang3.StringUtilsTest" time="0.0"/>
  <testcase name="testSplit_StringChar" classname="org.apache.commons.lang3.StringUtilsTest" time="0.0"/>
  <testcase name="testRightPad_StringIntString" classname="org.apache.commons.lang3.StringUtilsTest" time="0.0"/>
  <testcase name="testSwapCase_String" classname="org.apache.commons.lang3.StringUtilsTest" time="0.0"/>
  <testcase name="testRemoveStartIgnoreCase" classname="org.apache.commons.lang3.StringUtilsTest" time="0.0"/>
  <testcase name="testSplit_StringString_StringStringInt" classname="org.apache.commons.lang3.StringUtilsTest" time="0.01"/>
  <testcase name="testJoin_ArrayOfBytes" classname="org.apache.commons.lang3.StringUtilsTest" time="0.0"/>
  <testcase name="testJoin_ArrayOfChars" classname="org.apache.commons.lang3.StringUtilsTest" time="0.0"/>
  <testcase name="testJoin_ArrayOfLongs" classname="org.apache.commons.lang3.StringUtilsTest" time="0.0"/>
  <testcase name="testJoin_Objects" classname="org.apache.commons.lang3.StringUtilsTest" time="0.0"/>
  <testcase name="testRemoveEnd" classname="org.apache.commons.lang3.StringUtilsTest" time="0.0"/>
  <testcase name="testJoin_ArrayOfFloats" classname="org.apache.commons.lang3.StringUtilsTest" time="0.0"/>
  <testcase name="testCenter_StringIntString" classname="org.apache.commons.lang3.StringUtilsTest" time="0.0"/>
  <testcase name="testConstructor" classname="org.apache.commons.lang3.StringUtilsTest" time="0.0"/>
  <testcase name="testSplitByCharacterTypeCamelCase" classname="org.apache.commons.lang3.StringUtilsTest" time="0.0"/>
  <testcase name="testReplace_StringStringStringInt" classname="org.apache.commons.lang3.StringUtilsTest" time="0.0"/>
</testsuite>