<?xml version="1.0" encoding="UTF-8"?>
<testsuite xmlns:xsi="http://www.w3.org/2001/XMLSchema-instance" xsi:noNamespaceSchemaLocation="https://maven.apache.org/surefire/maven-surefire-plugin/xsd/surefire-test-report-3.0.xsd" version="3.0" name="org.apache.commons.lang3.ClassUtilsTest" time="0.034" tests="51" errors="4" skipped="0" failures="0">
  <properties>
[...]
</properties>
  <testcase name="test_getShortClassName_Class" classname="org.apache.commons.lang3.ClassUtilsTest" time="0.0"/>
  <testcase name="test_isAssignable" classname="org.apache.commons.lang3.ClassUtilsTest" time="0.0">
    <error message="Cannot invoke &quot;org.apache.commons.lang3.JavaVersion.atLeast(org.apache.commons.lang3.JavaVersion)&quot; because &quot;org.apache.commons.lang3.SystemUtils.JAVA_SPECIFICATION_VERSION_AS_ENUM&quot; is null" type="java.lang.NullPointerException"><![CDATA[java.lang.NullPointerException: Cannot invoke "org.apache.commons.lang3.JavaVersion.atLeast(org.apache.commons.lang3.JavaVersion)" because "org.apache.commons.lang3.SystemUtils.JAVA_SPECIFICATION_VERSION_AS_ENUM" is null
	at org.apache.commons.lang3.SystemUtils.isJavaVersionAtLeast(SystemUtils.java:1388)
	at org.apache.commons.lang3.ClassUtils.isAssignable(ClassUtils.java:586)
	at org.apache.commons.lang3.ClassUtilsTest.test_isAssignable(ClassUtilsTest.java:425)
	at java.base/jdk.internal.reflect.DirectMethodHandleAccessor.invoke(DirectMethodHandleAccessor.java:104)
	at java.base/java.lang.reflect.Method.invoke(Method.java:565)
	at org.junit.runners.model.FrameworkMethod$1.runReflectiveCall(FrameworkMethod.java:47)
	at org.junit.internal.runners.model.ReflectiveCallable.run(ReflectiveCallable.java:12)
	at org.junit.runners.model.FrameworkMethod.invokeExplosively(FrameworkMethod.java:44)
	at org.junit.internal.runners.statements.InvokeMethod.evaluate(InvokeMethod.java:17)
	at org.junit.runners.ParentRunner.runLeaf(ParentRunner.java:271)
	at org.junit.runners.BlockJUnit4ClassRunner.runChild(BlockJUnit4ClassRunner.java:70)
	at org.junit.runners.BlockJUnit4ClassRunner.runChild(BlockJUnit4ClassRunner.java:50)
	at org.junit.runners.ParentRunner$3.run(ParentRunner.java:238)
	at org.junit.runners.ParentRunner$1.schedule(ParentRunner.java:63)
	at org.junit.runners.ParentRunner.runChildren(ParentRunner.java:236)
	at org.junit.runners.ParentRunner.access$000(ParentRunner.java:53)
	at org.junit.runners.ParentRunner$2.evaluate(ParentRunner.java:229)
	at org.junit.runners.ParentRunner.run(ParentRunner.java:309)
	at org.apache.maven.surefire.junit4.JUnit4Provider.execute(JUnit4Provider.java:316)
	at org.apache.maven.surefire.junit4.JUnit4Provider.executeWithRerun(JUnit4Provider.java:240)
	at org.apache.maven.surefire.junit4.JUnit4Provider.executeTestSet(JUnit4Provider.java:214)
	at org.apache.maven.surefire.junit4.JUnit4Provider.invoke(JUnit4Provider.java:155)
	at org.apache.maven.surefire.booter.ForkedBooter.runSuitesInProcess(ForkedBooter.java:385)
	at org.apache.maven.surefire.booter.ForkedBooter.execute(ForkedBooter.java:162)
	at org.apache.maven.surefire.booter.ForkedBooter.run(ForkedBooter.java:507)
	at org.apache.maven.surefire.booter.ForkedBooter.main(ForkedBooter.java:495)
]]></error>
  </testcase>
  <testcase name="testShowJavaBug" classname="org.apache.commons.lang3.ClassUtilsTest" time="0.0"/>
  <testcase name="testToClass_object" classname="org.apache.commons.lang3.ClassUtilsTest" time="0.0"/>
  <testcase name="testGetClassByNormalNameArrays" classname="org.apache.commons.lang3.ClassUtilsTest" time="0.0"/>
  <testcase name="testGetInnerClass" classname="org.apache.commons.lang3.ClassUtilsTest" time="0.002"/>
  <testcase name="test_getAllSuperclasses_Class" classname="org.apache.commons.lang3.ClassUtilsTest" time="0.007"/>
  <testcase name="testPrimitiveToWrapper" classname="org.apache.commons.lang3.ClassUtilsTest" time="0.0"/>
  <testcase name="test_getPackageCanonicalName_Object" classname="org.apache.commons.lang3.ClassUtilsTest" time="0.003"/>
  <testcase name="test_isAssignable_Widening" classname="org.apache.commons.lang3.ClassUtilsTest" time="0.0">
    <error message="Cannot invoke &quot;org.apache.commons.lang3.JavaVersion.atLeast(org.apache.commons.lang3.JavaVersion)&quot; because &quot;org.apache.commons.lang3.SystemUtils.JAVA_SPECIFICATION_VERSION_AS_ENUM&quot; is null" type="java.lang.NullPointerException"><![CDATA[java.lang.NullPointerException: Cannot invoke "org.apache.commons.lang3.JavaVersion.atLeast(org.apache.commons.lang3.JavaVersion)" because "org.apache.commons.lang3.SystemUtils.JAVA_SPECIFICATION_VERSION_AS_ENUM" is null
	at org.apache.commons.lang3.SystemUtils.isJavaVersionAtLeast(SystemUtils.java:1388)
	at org.apache.commons.lang3.ClassUtils.isAssignable(ClassUtils.java:586)
	at org.apache.commons.lang3.ClassUtilsTest.test_isAssignable_Widening(ClassUtilsTest.java:502)
	at java.base/jdk.internal.reflect.DirectMethodHandleAccessor.invoke(DirectMethodHandleAccessor.java:104)
	at java.base/java.lang.reflect.Method.invoke(Method.java:565)
	at org.junit.runners.model.FrameworkMethod$1.runReflectiveCall(FrameworkMethod.java:47)
	at org.junit.internal.runners.model.ReflectiveCallable.run(ReflectiveCallable.java:12)
	at org.junit.runners.model.FrameworkMethod.invokeExplosively(FrameworkMethod.java:44)
	at org.junit.internal.runners.statements.InvokeMethod.evaluate(InvokeMethod.java:17)
	at org.junit.runners.ParentRunner.runLeaf(ParentRunner.java:271)
	at org.junit.runners.BlockJUnit4ClassRunner.runChild(BlockJUnit4ClassRunner.java:70)
	at org.junit.runners.BlockJUnit4ClassRunner.runChild(BlockJUnit4ClassRunner.java:50)
	at org.junit.runners.ParentRunner$3.run(ParentRunner.java:238)
	at org.junit.runners.ParentRunner$1.schedule(ParentRunner.java:63)
	at org.junit.runners.ParentRunner.runChildren(ParentRunner.java:236)
	at org.junit.runners.ParentRunner.access$000(ParentRunner.java:53)
	at org.junit.runners.ParentRunner$2.evaluate(ParentRunner.java:229)
	at org.junit.runners.ParentRunner.run(ParentRunner.java:309)
	at org.apache.maven.surefire.junit4.JUnit4Provider.execute(JUnit4Provider.java:316)
	at org.apache.maven.surefire.junit4.JUnit4Provider.executeWithRerun(JUnit4Provider.java:240)
	at org.apache.maven.surefire.junit4.JUnit4Provider.executeTestSet(JUnit4Provider.java:214)
	at org.apache.maven.surefire.junit4.JUnit4Provider.invoke(JUnit4Provider.java:155)
	at org.apache.maven.surefire.booter.ForkedBooter.runSuitesInProcess(ForkedBooter.java:385)
	at org.apache.maven.surefire.booter.ForkedBooter.execute(ForkedBooter.java:162)
	at org.apache.maven.surefire.booter.ForkedBooter.run(ForkedBooter.java:507)
	at org.apache.maven.surefire.booter.ForkedBooter.main(ForkedBooter.java:495)
]]></error>
  </testcase>
  <testcase name="test_getPackageCanonicalName_String" classname="org.apache.commons.lang3.ClassUtilsTest" time="0.0"/>
  <testcase name="testGetClassWithArrayClasses" classname="org.apache.commons.lang3.ClassUtilsTest" time="0.0"/>
  <testcase name="test_getPackageCanonicalName_Class" classname="org.apache.commons.lang3.ClassUtilsTest" time="0.003"/>
  <testcase name="test_getShortClassName_Object" classname="org.apache.commons.lang3.ClassUtilsTest" time="0.003"/>
  <testcase name="test_getShortClassName_String" classname="org.apache.commons.lang3.ClassUtilsTest" time="0.0"/>
  <testcase name="testIsPrimitiveOrWrapper" classname="org.apache.commons.lang3.ClassUtilsTest" time="0.0"/>
  <testcase name="test_isAssignable_NoAutoboxing" classname="org.apache.commons.lang3.ClassUtilsTest" time="0.0"/>
  <testcase name="testWrapperToPrimitive" classname="org.apache.commons.lang3.ClassUtilsTest" time="0.0"/>
  <testcase name="testWrappersToPrimitives" classname="org.apache.commons.lang3.ClassUtilsTest" time="0.0"/>
  <testcase name="test_isAssignable_ClassArray_ClassArray_Autoboxing" classname="org.apache.commons.lang3.ClassUtilsTest" time="0.0"/>
  <testcase name="testGetClassWithArrayClasses2D" classname="org.apache.commons.lang3.ClassUtilsTest" time="0.0"/>
  <testcase name="test_getPackageName_Object" classname="org.apache.commons.lang3.ClassUtilsTest" time="0.0"/>
  <testcase name="test_getPackageName_String" classname="org.apache.commons.lang3.ClassUtilsTest" time="0.0"/>
  <testcase name="test_isAssignable_ClassArray_ClassArray_NoAutoboxing" classname="org.apache.commons.lang3.ClassUtilsTest" time="0.0"/>
  <testcase name="testWrapperToPrimitiveNull" classname="org.apache.commons.lang3.ClassUtilsTest" time="0.0"/>
  <testcase name="testGetClassByNormalNameArrays2D" classname="org.apache.commons.lang3.ClassUtilsTest" time="0.0"/>
  <testcase name="testIsPrimitiveWrapper" classname="org.apache.commons.lang3.ClassUtilsTest" time="0.0"/>
  <testcase name="testWithInterleavingWhitespace" classname="org.apache.commons.lang3.ClassUtilsTest" time="0.0"/>
  <testcase name="test_getPackageName_Class" classname="org.apache.commons.lang3.ClassUtilsTest" time="0.001"/>
  <testcase name="test_getShortCanonicalName_Object" classname="org.apache.commons.lang3.ClassUtilsTest" time="0.001"/>
  <testcase name="test_getShortCanonicalName_String" classname="org.apache.commons.lang3.ClassUtilsTest" time="0.0"/>
  <testcase name="test_getShortCanonicalName_Class" classname="org.apache.commons.lang3.ClassUtilsTest" time="0.002"/>
  <testcase name="test_isAssignable_DefaultUnboxing_Widening" classname="org.apache.commons.lang3.ClassUtilsTest" time="0.001">
    <error message="Cannot invoke &quot;org.apache.commons.lang3.JavaVersion.atLeast(org.apache.commons.lang3.JavaVersion)&quot; because &quot;org.apache.commons.lang3.SystemUtils.JAVA_SPECIFICATION_VERSION_AS_ENUM&quot; is null" type="java.lang.NullPointerException"><![CDATA[java.lang.NullPointerException: Cannot invoke "org.apache.commons.lang3.JavaVersion.atLeast(org.apache.commons.lang3.JavaVersion)" because "org.apache.commons.lang3.SystemUtils.JAVA_SPECIFICATION_VERSION_AS_ENUM" is null
	at org.apache.commons.lang3.SystemUtils.isJavaVersionAtLeast(SystemUtils.java:1388)
	at org.apache.commons.lang3.ClassUtilsTest.test_isAssignable_DefaultUnboxing_Widening(ClassUtilsTest.java:584)
	at java.base/jdk.internal.reflect.DirectMethodHandleAccessor.invoke(DirectMethodHandleAccessor.java:104)
	at java.base/java.lang.reflect.Method.invoke(Method.java:565)
	at org.junit.runners.model.FrameworkMethod$1.runReflectiveCall(FrameworkMethod.java:47)
	at org.junit.internal.runners.model.ReflectiveCallable.run(ReflectiveCallable.java:12)
	at org.junit.runners.model.FrameworkMethod.invokeExplosively(FrameworkMethod.java:44)
	at org.junit.internal.runners.statements.InvokeMethod.evaluate(InvokeMethod.java:17)
	at org.junit.runners.ParentRunner.runLeaf(ParentRunner.java:271)
	at org.junit.runners.BlockJUnit4ClassRunner.runChild(BlockJUnit4ClassRunner.java:70)
	at org.junit.runners.BlockJUnit4ClassRunner.runChild(BlockJUnit4ClassRunner.java:50)
	at org.junit.runners.ParentRunner$3.run(ParentRunner.java:238)
	at org.junit.runners.ParentRunner$1.schedule(ParentRunner.java:63)
	at org.junit.runners.ParentRunner.runChildren(ParentRunner.java:236)
	at org.junit.runners.ParentRunner.access$000(ParentRunner.java:53)
	at org.junit.runners.ParentRunner$2.evaluate(ParentRunner.java:229)
	at org.junit.runners.ParentRunner.run(ParentRunner.java:309)
	at org.apache.maven.surefire.junit4.JUnit4Provider.execute(JUnit4Provider.java:316)
	at org.apache.maven.surefire.junit4.JUnit4Provider.executeWithRerun(JUnit4Provider.java:240)
	at org.apache.maven.surefire.junit4.JUnit4Provider.executeTestSet(JUnit4Provider.java:214)
	at org.apache.maven.surefire.junit4.JUnit4Provider.invoke(JUnit4Provider.java:155)
	at org.apache.maven.surefire.booter.ForkedBooter.runSuitesInProcess(ForkedBooter.java:385)
	at org.apache.maven.surefire.booter.ForkedBooter.execute(ForkedBooter.java:162)
	at org.apache.maven.surefire.booter.ForkedBooter.run(ForkedBooter.java:507)
	at org.apache.maven.surefire.booter.ForkedBooter.main(ForkedBooter.java:495)
]]></error>
  </testcase>
  <testcase name="testGetClassRawPrimitives" classname="org.apache.commons.lang3.ClassUtilsTest" time="0.0"/>
  <testcase name="testGetClassInvalidArguments" classname="org.apache.commons.lang3.ClassUtilsTest" time="0.0"/>
  <testcase name="testPrimitivesToWrappers" classname="org.apache.commons.lang3.ClassUtilsTest" time="0.0"/>
  <testcase name="testGetClassClassNotFound" classname="org.apache.commons.lang3.ClassUtilsTest" time="0.002"/>
  <testcase name="test_getSimpleName_Class" classname="org.apache.commons.lang3.ClassUtilsTest" time="0.002"/>
  <testcase name="testWrappersToPrimitivesNull" classname="org.apache.commons.lang3.ClassUtilsTest" time="0.0"/>
  <testcase name="test_isInnerClass_Class" classname="org.apache.commons.lang3.ClassUtilsTest" time="0.001"/>
  <testcase name="test_isAssignable_ClassArray_ClassArray" classname="org.apache.commons.lang3.ClassUtilsTest" time="0.001">
    <error message="Cannot invoke &quot;org.apache.commons.lang3.JavaVersion.atLeast(org.apache.commons.lang3.JavaVersion)&quot; because &quot;org.apache.commons.lang3.SystemUtils.JAVA_SPECIFICATION_VERSION_AS_ENUM&quot; is null" type="java.lang.NullPointerException"><![CDATA[java.lang.NullPointerException: Cannot invoke "org.apache.commons.lang3.JavaVersion.atLeast(org.apache.commons.lang3.JavaVersion)" because "org.apache.commons.lang3.SystemUtils.JAVA_SPECIFICATION_VERSION_AS_ENUM" is null
	at org.apache.commons.lang3.SystemUtils.isJavaVersionAtLeast(SystemUtils.java:1388)
	at org.apache.commons.lang3.ClassUtils.isAssignable(ClassUtils.java:470)
	at org.apache.commons.lang3.ClassUtilsTest.test_isAssignable_ClassArray_ClassArray(ClassUtilsTest.java:345)
	at java.base/jdk.internal.reflect.DirectMethodHandleAccessor.invoke(DirectMethodHandleAccessor.java:104)
	at java.base/java.lang.reflect.Method.invoke(Method.java:565)
	at org.junit.runners.model.FrameworkMethod$1.runReflectiveCall(FrameworkMethod.java:47)
	at org.junit.internal.runners.model.ReflectiveCallable.run(ReflectiveCallable.java:12)
	at org.junit.runners.model.FrameworkMethod.invokeExplosively(FrameworkMethod.java:44)
	at org.junit.internal.runners.statements.InvokeMethod.evaluate(InvokeMethod.java:17)
	at org.junit.runners.ParentRunner.runLeaf(ParentRunner.java:271)
	at org.junit.runners.BlockJUnit4ClassRunner.runChild(BlockJUnit4ClassRunner.java:70)
	at org.junit.runners.BlockJUnit4ClassRunner.runChild(BlockJUnit4ClassRunner.java:50)
	at org.junit.runners.ParentRunner$3.run(ParentRunner.java:238)
	at org.junit.runners.ParentRunner$1.schedule(ParentRunner.java:63)
	at org.junit.runners.ParentRunner.runChildren(ParentRunner.java:236)
	at org.junit.runners.ParentRunner.access$000(ParentRunner.java:53)
	at org.junit.runners.ParentRunner$2.evaluate(ParentRunner.java:229)
	at org.junit.runners.ParentRunner.run(ParentRunner.java:309)
	at org.apache.maven.surefire.junit4.JUnit4Provider.execute(JUnit4Provider.java:316)
	at org.apache.maven.surefire.junit4.JUnit4Provider.executeWithRerun(JUnit4Provider.java:240)
	at org.apache.maven.surefire.junit4.JUnit4Provider.executeTestSet(JUnit4Provider.java:214)
	at org.apache.maven.surefire.junit4.JUnit4Provider.invoke(JUnit4Provider.java:155)
	at org.apache.maven.surefire.booter.ForkedBooter.runSuitesInProcess(ForkedBooter.java:385)
	at org.apache.maven.surefire.booter.ForkedBooter.execute(ForkedBooter.java:162)
	at org.apache.maven.surefire.booter.ForkedBooter.run(ForkedBooter.java:507)
	at org.apache.maven.surefire.booter.ForkedBooter.main(ForkedBooter.java:495)
]]></error>
  </testcase>
  <testcase name="test_getSimpleName_Object" classname="org.apache.commons.lang3.ClassUtilsTest" time="0.0"/>
  <testcase name="test_isAssignable_Unboxing_Widening" classname="org.apache.commons.lang3.ClassUtilsTest" time="0.0"/>
  <testcase name="testWrappersToPrimitivesEmpty" classname="org.apache.commons.lang3.ClassUtilsTest" time="0.0"/>
  <testcase name="testWrapperToPrimitiveNoWrapper" classname="org.apache.commons.lang3.ClassUtilsTest" time="0.0"/>
  <testcase name="test_convertClassNamesToClasses_List" classname="org.apache.commons.lang3.ClassUtilsTest" time="0.0"/>
  <testcase name="test_isAssignable_Autoboxing" classname="org.apache.commons.lang3.ClassUtilsTest" time="0.0"/>
  <testcase name="test_convertClassesToClassNames_List" classname="org.apache.commons.lang3.ClassUtilsTest" time="0.0"/>
  <testcase name="testGetPublicMethod" classname="org.apache.commons.lang3.ClassUtilsTest" time="0.0"/>
  <testcase name="test_getAllInterfaces_Class" classname="org.apache.commons.lang3.ClassUtilsTest" time="0.0"/>
  <testcase name="testConstructor" classname="org.apache.commons.lang3.ClassUtilsTest" time="0.0"/>
</testsuite>