<?xml version="1.0" encoding="UTF-8"?>
<testsuite xmlns:xsi="http://www.w3.org/2001/XMLSchema-instance" xsi:noNamespaceSchemaLocation="https://maven.apache.org/surefire/maven-surefire-plugin/xsd/surefire-test-report-3.0.xsd" version="3.0" name="org.apache.commons.lang3.ArrayUtilsTest" time="0.004" tests="146" errors="0" skipped="0" failures="0">
  <properties>
[...]
</properties>
  <testcase name="testNullToEmptyCharObject" classname="org.apache.commons.lang3.ArrayUtilsTest" time="0.0"/>
  <testcase name="testToPrimitive_double_double" classname="org.apache.commons.lang3.ArrayUtilsTest" time="0.0"/>
  <testcase name="testNullToEmptyDoubleObject" classname="org.apache.commons.lang3.ArrayUtilsTest" time="0.0"/>
  <testcase name="testSubarrayBoolean" classname="org.apache.commons.lang3.ArrayUtilsTest" time="0.0"/>
  <testcase name="testNullToEmptyBoolean" classname="org.apache.commons.lang3.ArrayUtilsTest" time="0.0"/>
  <testcase name="testNullToEmptyInt" classname="org.apache.commons.lang3.ArrayUtilsTest" time="0.0"/>
  <testcase name="testToPrimitive_float" classname="org.apache.commons.lang3.ArrayUtilsTest" time="0.0"/>
  <testcase name="testToPrimitive_short" classname="org.apache.commons.lang3.ArrayUtilsTest" time="0.0"/>
  <testcase name="testNullToEmptyByte" classname="org.apache.commons.lang3.ArrayUtilsTest" time="0.0"/>
  <testcase name="testNullToEmptyChar" classname="org.apache.commons.lang3.ArrayUtilsTest" time="0.0"/>
  <testcase name="testNullToEmptyLong" classname="org.apache.commons.lang3.ArrayUtilsTest" time="0.0"/>
  <testcase name="testNullToEmptyDouble" classname="org.apache.commons.lang3.ArrayUtilsTest" time="0.0"/>
  <testcase name="testContainsDoubleTolerance" classname="org.apache.commons.lang3.ArrayUtilsTest" time="0.0"/>
  <testcase name="testToPrimitive_byte_byte" classname="org.apache.commons.lang3.ArrayUtilsTest" time="0.0"/>
  <testcase name="testToPrimitive_short_short" classname="org.apache.commons.lang3.ArrayUtilsTest" time="0.0"/>
  <testcase name="testLastIndexOfShortWithStartIndex" classname="org.apache.commons.lang3.ArrayUtilsTest" time="0.0"/>
  <testcase name="testIndexOfDoubleWithStartIndex" classname="org.apache.commons.lang3.ArrayUtilsTest" time="0.0"/>
  <testcase name="testSameType" classname="org.apache.commons.lang3.ArrayUtilsTest" time="0.0"/>
  <testcase name="testArrayCreation" classname="org.apache.commons.lang3.ArrayUtilsTest" time="0.0"/>
  <testcase name="testIndexOfBoolean" classname="org.apache.commons.lang3.ArrayUtilsTest" time="0.0"/>
  <testcase name="testNullToEmptyObject" classname="org.apache.commons.lang3.ArrayUtilsTest" time="0.0"/>
  <testcase name="testReverseInt" classname="org.apache.commons.lang3.ArrayUtilsTest" time="0.0"/>
  <testcase name="testLastIndexOfDouble" classname="org.apache.commons.lang3.ArrayUtilsTest" time="0.0"/>
  <testcase name="testNullToEmptyString" classname="org.apache.commons.lang3.ArrayUtilsTest" time="0.0"/>
  <testcase name="testNullToEmptyShortObject" classname="org.apache.commons.lang3.ArrayUtilsTest" time="0.0"/>
  <testcase name="testIsEmptyPrimitives" classname="org.apache.commons.lang3.ArrayUtilsTest" time="0.0"/>
  <testcase name="testClone" classname="org.apache.commons.lang3.ArrayUtilsTest" time="0.0"/>
  <testcase name="testSameLengthInt" classname="org.apache.commons.lang3.ArrayUtilsTest" time="0.0"/>
  <testcase name="testToMap" classname="org.apache.commons.lang3.ArrayUtilsTest" time="0.0"/>
  <testcase name="testLastIndexOf" classname="org.apache.commons.lang3.ArrayUtilsTest" time="0.0"/>
  <testcase name="testReverseDouble" classname="org.apache.commons.lang3.ArrayUtilsTest" time="0.0"/>
  <testcase name="testContainsByte" classname="org.apache.commons.lang3.ArrayUtilsTest" time="0.0"/>
  <testcase name="testContainsChar" classname="org.apache.commons.lang3.ArrayUtilsTest" time="0.0"/>
  <testcase name="testContainsLong" classname="org.apache.commons.lang3.ArrayUtilsTest" time="0.0"/>
  <testcase name="testIndexOfLongWithStartIndex" classname="org.apache.commons.lang3.ArrayUtilsTest" time="0.0"/>
  <testcase name="testToPrimitive_boolean" classname="org.apache.commons.lang3.ArrayUtilsTest" time="0.0"/>
  <testcase name="testLastIndexOfByte" classname="org.apache.commons.lang3.ArrayUtilsTest" time="0.0"/>
  <testcase name="testLastIndexOfChar" classname="org.apache.commons.lang3.ArrayUtilsTest" time="0.0"/>
  <testcase name="testLastIndexOfLong" classname="org.apache.commons.lang3.ArrayUtilsTest" time="0.0"/>
  <testcase name="testToString" classname="org.apache.commons.lang3.ArrayUtilsTest" time="0.0"/>
  <testcase name="testCloneDouble" classname="org.apache.commons.lang3.ArrayUtilsTest" time="0.0"/>
  <testcase name="testIndexOfDoubleTolerance" classname="org.apache.commons.lang3.ArrayUtilsTest" time="0.0"/>
  <testcase name="testIndexOfByteWithStartIndex" classname="org.apache.commons.lang3.ArrayUtilsTest" time="0.0"/>
  <testcase name="testToPrimitive_double" classname="org.apache.commons.lang3.ArrayUtilsTest" time="0.0"/>
  <testcase name="testSubarrayFloat" classname="org.apache.commons.lang3.ArrayUtilsTest" time="0.0"/>
  <testcase name="testSubarrayShort" classname="org.apache.commons.lang3.ArrayUtilsTest" time="0.0"/>
  <testcase name="testLastIndexOfBoolean" classname="org.apache.commons.lang3.ArrayUtilsTest" time="0.0"/>
  <testcase name="testSubarrayInt" classname="org.apache.commons.lang3.ArrayUtilsTest" time="0.0"/>
  <testcase name="testLastIndexOfIntWithStartIndex" classname="org.apache.commons.lang3.ArrayUtilsTest" time="0.0"/>
  <testcase name="testArrayCreationWithDifferentTypes" classname="org.apache.commons.lang3.ArrayUtilsTest" time="0.0"/>
  <testcase name="testIndexOfDoubleWithStartIndexTolerance" classname="org.apache.commons.lang3.ArrayUtilsTest" time="0.0"/>
  <testcase name="testArrayCreationWithGeneralReturnType" classname="org.apache.commons.lang3.ArrayUtilsTest" time="0.0"/>
  <testcase name="testContainsInt" classname="org.apache.commons.lang3.ArrayUtilsTest" time="0.0"/>
  <testcase name="testLastIndexOfDoubleWithStartIndexTolerance" classname="org.apache.commons.lang3.ArrayUtilsTest" time="0.0"/>
  <testcase name="testToObject_double" classname="org.apache.commons.lang3.ArrayUtilsTest" time="0.0"/>
  <testcase name="testLastIndexOfInt" classname="org.apache.commons.lang3.ArrayUtilsTest" time="0.0"/>
  <testcase name="testSubarrayByte" classname="org.apache.commons.lang3.ArrayUtilsTest" time="0.0"/>
  <testcase name="testSubarrayLong" classname="org.apache.commons.lang3.ArrayUtilsTest" time="0.0"/>
  <testcase name="testSubarrChar" classname="org.apache.commons.lang3.ArrayUtilsTest" time="0.0"/>
  <testcase name="testIsNotEmptyPrimitives" classname="org.apache.commons.lang3.ArrayUtilsTest" time="0.0"/>
  <testcase name="testToObject_byte" classname="org.apache.commons.lang3.ArrayUtilsTest" time="0.0"/>
  <testcase name="testToObject_char" classname="org.apache.commons.lang3.ArrayUtilsTest" time="0.0"/>
  <testcase name="testToObject_long" classname="org.apache.commons.lang3.ArrayUtilsTest" time="0.0"/>
  <testcase name="testNullToEmptyFloat" classname="org.apache.commons.lang3.ArrayUtilsTest" time="0.0"/>
  <testcase name="testToPrimitive_float_float" classname="org.apache.commons.lang3.ArrayUtilsTest" time="0.0"/>
  <testcase name="testNullToEmptyShort" classname="org.apache.commons.lang3.ArrayUtilsTest" time="0.0"/>
  <testcase name="testLastIndexOfLongWithStartIndex" classname="org.apache.commons.lang3.ArrayUtilsTest" time="0.0"/>
  <testcase name="testContainsFloat" classname="org.apache.commons.lang3.ArrayUtilsTest" time="0.0"/>
  <testcase name="testContainsShort" classname="org.apache.commons.lang3.ArrayUtilsTest" time="0.0"/>
  <testcase name="testIsNotEmptyObject" classname="org.apache.commons.lang3.ArrayUtilsTest" time="0.0"/>
  <testcase name="testToObject_int" classname="org.apache.commons.lang3.ArrayUtilsTest" time="0.0"/>
  <testcase name="testContainsBoolean" classname="org.apache.commons.lang3.ArrayUtilsTest" time="0.0"/>
  <testcase name="testIndexOfInt" classname="org.apache.commons.lang3.ArrayUtilsTest" time="0.0"/>
  <testcase name="testIndexOfFloat" classname="org.apache.commons.lang3.ArrayUtilsTest" time="0.0"/>
  <testcase name="testIndexOfFloatWithStartIndex" classname="org.apache.commons.lang3.ArrayUtilsTest" time="0.0"/>
  <testcase name="testCloneByte" classname="org.apache.commons.lang3.ArrayUtilsTest" time="0.0"/>
  <testcase name="testCloneChar" classname="org.apache.commons.lang3.ArrayUtilsTest" time="0.0"/>
  <testcase name="testCloneLong" classname="org.apache.commons.lang3.ArrayUtilsTest" time="0.0"/>
  <testcase name="testIndexOfShort" classname="org.apache.commons.lang3.ArrayUtilsTest" time="0.0"/>
  <testcase name="testIsEquals" classname="org.apache.commons.lang3.ArrayUtilsTest" time="0.0"/>
  <testcase name="testEmptyArrayCreation" classname="org.apache.commons.lang3.ArrayUtilsTest" time="0.0"/>
  <testcase name="testIndexOfCharWithStartIndex" classname="org.apache.commons.lang3.ArrayUtilsTest" time="0.0"/>
  <testcase name="testLastIndexOfByteWithStartIndex" classname="org.apache.commons.lang3.ArrayUtilsTest" time="0.0"/>
  <testcase name="testContains" classname="org.apache.commons.lang3.ArrayUtilsTest" time="0.0"/>
  <testcase name="testToPrimitive_int" classname="org.apache.commons.lang3.ArrayUtilsTest" time="0.0"/>
  <testcase name="testNullToEmptyFloatObject" classname="org.apache.commons.lang3.ArrayUtilsTest" time="0.0"/>
  <testcase name="testCloneBoolean" classname="org.apache.commons.lang3.ArrayUtilsTest" time="0.0"/>
  <testcase name="testIndirectArrayCreation" classname="org.apache.commons.lang3.ArrayUtilsTest" time="0.0"/>
  <testcase name="testToObject_boolean" classname="org.apache.commons.lang3.ArrayUtilsTest" time="0.0"/>
  <testcase name="testSameLengthDouble" classname="org.apache.commons.lang3.ArrayUtilsTest" time="0.0"/>
  <testcase name="testToPrimitive_long_long" classname="org.apache.commons.lang3.ArrayUtilsTest" time="0.0"/>
  <testcase name="testIndexOfBooleanWithStartIndex" classname="org.apache.commons.lang3.ArrayUtilsTest" time="0.0"/>
  <testcase name="testIndexOfByte" classname="org.apache.commons.lang3.ArrayUtilsTest" time="0.0"/>
  <testcase name="testIndexOfChar" classname="org.apache.commons.lang3.ArrayUtilsTest" time="0.0"/>
  <testcase name="testIndexOfLong" classname="org.apache.commons.lang3.ArrayUtilsTest" time="0.0"/>
  <testcase name="testNullToEmptyLongObject" classname="org.apache.commons.lang3.ArrayUtilsTest" time="0.0"/>
  <testcase name="testReverse" classname="org.apache.commons.lang3.ArrayUtilsTest" time="0.0"/>
  <testcase name="testLastIndexOfDoubleTolerance" classname="org.apache.commons.lang3.ArrayUtilsTest" time="0.0"/>
  <testcase name="testToPrimitive_intNull" classname="org.apache.commons.lang3.ArrayUtilsTest" time="0.0"/>
  <testcase name="testToPrimitive_int_int" classname="org.apache.commons.lang3.ArrayUtilsTest" time="0.0"/>
  <testcase name="testSubarrayDouble" classname="org.apache.commons.lang3.ArrayUtilsTest" time="0.0"/>
  <testcase name="testReverseByte" classname="org.apache.commons.lang3.ArrayUtilsTest" time="0.0"/>
  <testcase name="testReverseChar" classname="org.apache.commons.lang3.ArrayUtilsTest" time="0.0"/>
  <testcase name="testReverseLong" classname="org.apache.commons.lang3.ArrayUtilsTest" time="0.0"/>
  <testcase name="testHashCode" classname="org.apache.commons.lang3.ArrayUtilsTest" time="0.0"/>
  <testcase name="testReverseFloat" classname="org.apache.commons.lang3.ArrayUtilsTest" time="0.0"/>
  <testcase name="testLastIndexOfWithStartIndex" classname="org.apache.commons.lang3.ArrayUtilsTest" time="0.0"/>
  <testcase name="testReverseShort" classname="org.apache.commons.lang3.ArrayUtilsTest" time="0.0"/>
  <testcase name="testIndexOfDouble" classname="org.apache.commons.lang3.ArrayUtilsTest" time="0.0"/>
  <testcase name="testLastIndexOfBooleanWithStartIndex" classname="org.apache.commons.lang3.ArrayUtilsTest" time="0.0"/>
  <testcase name="testLastIndexOfFloatWithStartIndex" classname="org.apache.commons.lang3.ArrayUtilsTest" time="0.0"/>
  <testcase name="testSameLengthFloat" classname="org.apache.commons.lang3.ArrayUtilsTest" time="0.0"/>
  <testcase name="testSubarrayObject" classname="org.apache.commons.lang3.ArrayUtilsTest" time="0.002">
    <system-err><![CDATA[java.lang.instrument.IllegalClassFormatException: Error while instrumenting java/sql/Date with JaCoCo 0.8.10.202304240956/8ea9668.
	at org.jacoco.agent.rt.internal_4a7f17c.CoverageTransformer.transform(CoverageTransformer.java:94)
	at java.instrument/java.lang.instrument.ClassFileTransformer.transform(ClassFileTransformer.java:257)
	at java.instrument/sun.instrument.TransformerManager.transform(TransformerManager.java:188)
	at java.instrument/sun.instrument.InstrumentationImpl.transform(InstrumentationImpl.java:594)
	at java.base/java.lang.ClassLoader.defineClass2(Native Method)
	at java.base/java.lang.ClassLoader.defineClass(ClassLoader.java:1052)
	at java.base/java.security.SecureClassLoader.defineClass(SecureClassLoader.java:176)
	at java.base/jdk.internal.loader.BuiltinClassLoader.defineClass(BuiltinClassLoader.java:735)
	at java.base/jdk.internal.loader.BuiltinClassLoader.findClassInModuleOrNull(BuiltinClassLoader.java:678)
	at java.base/jdk.internal.loader.BuiltinClassLoader.loadClassOrNull(BuiltinClassLoader.java:604)
	at java.base/jdk.internal.loader.BuiltinClassLoader.loadClassOrNull(BuiltinClassLoader.java:639)
	at java.base/jdk.internal.loader.BuiltinClassLoader.loadClassOrNull(BuiltinClassLoader.java:608)
	at java.base/jdk.internal.loader.BuiltinClassLoader.loadClass(BuiltinClassLoader.java:578)
	at java.base/java.lang.ClassLoader.loadClass(ClassLoader.java:490)
	at org.apache.commons.lang3.ArrayUtilsTest.testSubarrayObject(ArrayUtilsTest.java:654)
	at java.base/jdk.internal.reflect.DirectMethodHandleAccessor.invoke(DirectMethodHandleAccessor.java:104)
	at java.base/java.lang.reflect.Method.invoke(Method.java:565)
	at org.junit.runners.model.FrameworkMethod$1.runReflectiveCall(FrameworkMethod.java:47)
	at org.junit.internal.runners.model.ReflectiveCallable.run(ReflectiveCallable.java:12)
	at org.junit.runners.model.FrameworkMethod.invokeExplosively(FrameworkMethod.java:44)
	at org.junit.internal.runners.statements.InvokeMethod.evaluate(InvokeMethod.java:17)
	at org.junit.runners.ParentRunner.runLeaf(ParentRunner.java:271)
	at org.junit.runners.BlockJUnit4ClassRunner.runChild(BlockJUnit4ClassRunner.java:70)
	at org.junit.runners.BlockJUnit4ClassRunner.runChild(BlockJUnit4ClassRunner.java:50)
	at org.junit.runners.ParentRunner$3.run(ParentRunner.java:238)
	at org.junit.runners.ParentRunner$1.schedule(ParentRunner.java:63)
	at org.junit.runners.ParentRunner.runChildren(ParentRunner.java:236)
	at org.junit.runners.ParentRunner.access$000(ParentRunner.java:53)
	at org.junit.runners.ParentRunner$2.evaluate(ParentRunner.java:229)
	at org.junit.runners.ParentRunner.run(ParentRunner.java:309)
	at org.apache.maven.surefire.junit4.JUnit4Provider.execute(JUnit4Provider.java:316)
	at org.apache.maven.surefire.junit4.JUnit4Provider.executeWithRerun(JUnit4Provider.java:240)
	at org.apache.maven.surefire.junit4.JUnit4Provider.executeTestSet(JUnit4Provider.java:214)
	at org.apache.maven.surefire.junit4.JUnit4Provider.invoke(JUnit4Provider.java:155)
	at org.apache.maven.surefire.booter.ForkedBooter.runSuitesInProcess(ForkedBooter.java:385)
	at org.apache.maven.surefire.booter.ForkedBooter.execute(ForkedBooter.java:162)
	at org.apache.maven.surefire.booter.ForkedBooter.run(ForkedBooter.java:507)
	at org.apache.maven.surefire.booter.ForkedBooter.main(ForkedBooter.java:495)
Caused by: java.io.IOException: Error while instrumenting java/sql/Date with JaCoCo 0.8.10.202304240956/8ea9668.
	at org.jacoco.agent.rt.internal_4a7f17c.core.instr.Instrumenter.instrumentError(Instrumenter.java:161)
	at org.jacoco.agent.rt.internal_4a7f17c.core.instr.Instrumenter.instrument(Instrumenter.java:111)
	at org.jacoco.agent.rt.internal_4a7f17c.CoverageTransformer.transform(CoverageTransformer.java:92)
	... 37 more
Caused by: java.lang.IllegalArgumentException: Unsupported class file major version 69
	at org.jacoco.agent.rt.internal_4a7f17c.asm.ClassReader.<init>(ClassReader.java:199)
	at org.jacoco.agent.rt.internal_4a7f17c.asm.ClassReader.<init>(ClassReader.java:180)
	at org.jacoco.agent.rt.internal_4a7f17c.asm.ClassReader.<init>(ClassReader.java:166)
	at org.jacoco.agent.rt.internal_4a7f17c.core.internal.instr.InstrSupport.classReaderFor(InstrSupport.java:280)
	at org.jacoco.agent.rt.internal_4a7f17c.core.instr.Instrumenter.instrument(Instrumenter.java:77)
	at org.jacoco.agent.rt.internal_4a7f17c.core.instr.Instrumenter.instrument(Instrumenter.java:109)
	... 38 more
]]></system-err>
  </testcase>
  <testcase name="testSameLengthShort" classname="org.apache.commons.lang3.ArrayUtilsTest" time="0.0"/>
  <testcase name="testLastIndexOfCharWithStartIndex" classname="org.apache.commons.lang3.ArrayUtilsTest" time="0.0"/>
  <testcase name="testNullToEmptyIntObject" classname="org.apache.commons.lang3.ArrayUtilsTest" time="0.0"/>
  <testcase name="testToObject_float" classname="org.apache.commons.lang3.ArrayUtilsTest" time="0.0"/>
  <testcase name="testToObject_short" classname="org.apache.commons.lang3.ArrayUtilsTest" time="0.0"/>
  <testcase name="testGetLength" classname="org.apache.commons.lang3.ArrayUtilsTest" time="0.0"/>
  <testcase name="testLastIndexOfDoubleWithStartIndex" classname="org.apache.commons.lang3.ArrayUtilsTest" time="0.0"/>
  <testcase name="testSameLengthByte" classname="org.apache.commons.lang3.ArrayUtilsTest" time="0.0"/>
  <testcase name="testSameLengthChar" classname="org.apache.commons.lang3.ArrayUtilsTest" time="0.0"/>
  <testcase name="testSameLengthLong" classname="org.apache.commons.lang3.ArrayUtilsTest" time="0.0"/>
  <testcase name="testLastIndexOfFloat" classname="org.apache.commons.lang3.ArrayUtilsTest" time="0.0"/>
  <testcase name="testLastIndexOfShort" classname="org.apache.commons.lang3.ArrayUtilsTest" time="0.0"/>
  <testcase name="testCloneFloat" classname="org.apache.commons.lang3.ArrayUtilsTest" time="0.0"/>
  <testcase name="testCloneShort" classname="org.apache.commons.lang3.ArrayUtilsTest" time="0.0"/>
  <testcase name="testToPrimitive_byte" classname="org.apache.commons.lang3.ArrayUtilsTest" time="0.0"/>
  <testcase name="testToPrimitive_char" classname="org.apache.commons.lang3.ArrayUtilsTest" time="0.0"/>
  <testcase name="testToPrimitive_long" classname="org.apache.commons.lang3.ArrayUtilsTest" time="0.0"/>
  <testcase name="testIsEmptyObject" classname="org.apache.commons.lang3.ArrayUtilsTest" time="0.0"/>
  <testcase name="testIndexOf" classname="org.apache.commons.lang3.ArrayUtilsTest" time="0.0"/>
  <testcase name="testIndexOfShortWithStartIndex" classname="org.apache.commons.lang3.ArrayUtilsTest" time="0.0"/>
  <testcase name="testSameLength" classname="org.apache.commons.lang3.ArrayUtilsTest" time="0.0"/>
  <testcase name="testIndexOfIntWithStartIndex" classname="org.apache.commons.lang3.ArrayUtilsTest" time="0.0"/>
  <testcase name="testCloneInt" classname="org.apache.commons.lang3.ArrayUtilsTest" time="0.0"/>
  <testcase name="testNullToEmptyByteObject" classname="org.apache.commons.lang3.ArrayUtilsTest" time="0.0"/>
  <testcase name="testSameLengthBoolean" classname="org.apache.commons.lang3.ArrayUtilsTest" time="0.0"/>
  <testcase name="testToPrimitive_char_char" classname="org.apache.commons.lang3.ArrayUtilsTest" time="0.0"/>
  <testcase name="testIndirectEmptyArrayCreation" classname="org.apache.commons.lang3.ArrayUtilsTest" time="0.0"/>
  <testcase name="testReverseBoolean" classname="org.apache.commons.lang3.ArrayUtilsTest" time="0.0"/>
  <testcase name="testToPrimitive_boolean_boolean" classname="org.apache.commons.lang3.ArrayUtilsTest" time="0.0"/>
  <testcase name="testNullToEmptyBooleanObject" classname="org.apache.commons.lang3.ArrayUtilsTest" time="0.0"/>
  <testcase name="testConstructor" classname="org.apache.commons.lang3.ArrayUtilsTest" time="0.0"/>
  <testcase name="testIndexOfWithStartIndex" classname="org.apache.commons.lang3.ArrayUtilsTest" time="0.0"/>
  <testcase name="testContainsDouble" classname="org.apache.commons.lang3.ArrayUtilsTest" time="0.0"/>
</testsuite>